<?xml version="1.0" encoding="UTF-8"?>
<coverage generated="1695313428352" clover="3.2.0">
  <project timestamp="1695313428352" name="All files">
    <metrics statements="22" coveredstatements="22" conditionals="6" coveredconditionals="6" methods="11" coveredmethods="11" elements="39" coveredelements="39" complexity="0" loc="22" ncloc="22" packages="2" files="2" classes="2"/>
    <package name="controllers">
      <metrics statements="16" coveredstatements="16" conditionals="4" coveredconditionals="4" methods="10" coveredmethods="10"/>
      <file name="index.ts" path="/Users/yadirbatista/workspace/testNewFunction/src/controllers/index.ts">
        <metrics statements="16" coveredstatements="16" conditionals="4" coveredconditionals="4" methods="10" coveredmethods="10"/>
        <line num="3" count="1" type="stmt"/>
        <line num="4" count="1" type="stmt"/>
        <line num="5" count="1" type="stmt"/>
        <line num="6" count="1" type="stmt"/>
        <line num="7" count="1" type="stmt"/>
        <line num="8" count="1" type="stmt"/>
        <line num="11" count="1" type="stmt"/>
        <line num="12" count="3" type="stmt"/>
        <line num="13" count="3" type="stmt"/>
        <line num="14" count="3" type="cond" truecount="2" falsecount="0"/>
        <line num="15" count="3" type="stmt"/>
        <line num="16" count="2" type="stmt"/>
        <line num="21" count="1" type="stmt"/>
        <line num="22" count="2" type="stmt"/>
        <line num="23" count="2" type="cond" truecount="2" falsecount="0"/>
        <line num="24" count="2" type="stmt"/>
      </file>
    </package>
    <package name="test">
      <metrics statements="6" coveredstatements="6" conditionals="2" coveredconditionals="2" methods="1" coveredmethods="1"/>
      <file name="utils.ts" path="/Users/yadirbatista/workspace/testNewFunction/src/test/utils.ts">
        <metrics statements="6" coveredstatements="6" conditionals="2" coveredconditionals="2" methods="1" coveredmethods="1"/>
        <line num="1" count="2" type="stmt"/>
        <line num="2" count="2" type="stmt"/>
        <line num="5" count="2" type="stmt"/>
        <line num="10" count="2" type="stmt"/>
        <line num="15" count="2" type="stmt"/>
        <line num="19" count="8" type="stmt"/>
      </file>
    </package>
  </project>
</coverage>
