{"/Users/yadirbatista/workspace/testNewFunction/src/controllers/index.ts": {"path":"/Users/yadirbatista/workspace/testNewFunction/src/controllers/index.ts","statementMap":{"0":{"start":{"line":3,"column":0},"end":{"line":3,"column":51}},"1":{"start":{"line":4,"column":0},"end":{"line":4,"column":49}},"2":{"start":{"line":5,"column":0},"end":{"line":5,"column":65}},"3":{"start":{"line":6,"column":0},"end":{"line":6,"column":50}},"4":{"start":{"line":7,"column":0},"end":{"line":7,"column":60}},"5":{"start":{"line":8,"column":0},"end":{"line":8,"column":50}},"6":{"start":{"line":12,"column":4},"end":{"line":17,"column":null}},"7":{"start":{"line":13,"column":36},"end":{"line":13,"column":107}},"8":{"start":{"line":14,"column":27},"end":{"line":14,"column":63}},"9":{"start":{"line":15,"column":27},"end":{"line":15,"column":141}},"10":{"start":{"line":15,"column":37},"end":{"line":15,"column":52}},"11":{"start":{"line":15,"column":71},"end":{"line":15,"column":129}},"12":{"start":{"line":16,"column":23},"end":{"line":16,"column":50}},"13":{"start":{"line":11,"column":0},"end":{"line":11,"column":16}},"14":{"start":{"line":22,"column":4},"end":{"line":25,"column":null}},"15":{"start":{"line":23,"column":27},"end":{"line":23,"column":63}},"16":{"start":{"line":24,"column":23},"end":{"line":24,"column":62}},"17":{"start":{"line":21,"column":0},"end":{"line":21,"column":16}}},"fnMap":{"0":{"name":"index","decl":{"start":{"line":11,"column":16},"end":{"line":11,"column":21}},"loc":{"start":{"line":11,"column":52},"end":{"line":18,"column":1}}},"1":{"name":"(anonymous_1)","decl":{"start":{"line":13,"column":12},"end":{"line":13,"column":13}},"loc":{"start":{"line":13,"column":36},"end":{"line":13,"column":107}}},"2":{"name":"(anonymous_2)","decl":{"start":{"line":14,"column":12},"end":{"line":14,"column":13}},"loc":{"start":{"line":14,"column":27},"end":{"line":14,"column":63}}},"3":{"name":"(anonymous_3)","decl":{"start":{"line":15,"column":17},"end":{"line":15,"column":18}},"loc":{"start":{"line":15,"column":27},"end":{"line":15,"column":141}}},"4":{"name":"(anonymous_4)","decl":{"start":{"line":15,"column":31},"end":{"line":15,"column":34}},"loc":{"start":{"line":15,"column":37},"end":{"line":15,"column":52}}},"5":{"name":"(anonymous_5)","decl":{"start":{"line":15,"column":65},"end":{"line":15,"column":68}},"loc":{"start":{"line":15,"column":71},"end":{"line":15,"column":129}}},"6":{"name":"(anonymous_6)","decl":{"start":{"line":16,"column":12},"end":{"line":16,"column":13}},"loc":{"start":{"line":16,"column":23},"end":{"line":16,"column":50}}},"7":{"name":"users","decl":{"start":{"line":21,"column":16},"end":{"line":21,"column":21}},"loc":{"start":{"line":21,"column":52},"end":{"line":26,"column":1}}},"8":{"name":"(anonymous_8)","decl":{"start":{"line":23,"column":12},"end":{"line":23,"column":13}},"loc":{"start":{"line":23,"column":27},"end":{"line":23,"column":63}}},"9":{"name":"(anonymous_9)","decl":{"start":{"line":24,"column":12},"end":{"line":24,"column":13}},"loc":{"start":{"line":24,"column":23},"end":{"line":24,"column":62}}}},"branchMap":{"0":{"loc":{"start":{"line":14,"column":27},"end":{"line":14,"column":63}},"type":"binary-expr","locations":[{"start":{"line":14,"column":27},"end":{"line":14,"column":52}},{"start":{"line":14,"column":56},"end":{"line":14,"column":63}}]},"1":{"loc":{"start":{"line":23,"column":27},"end":{"line":23,"column":63}},"type":"binary-expr","locations":[{"start":{"line":23,"column":27},"end":{"line":23,"column":52}},{"start":{"line":23,"column":56},"end":{"line":23,"column":63}}]}},"s":{"0":1,"1":1,"2":1,"3":1,"4":1,"5":1,"6":3,"7":3,"8":3,"9":3,"10":3,"11":1,"12":2,"13":1,"14":2,"15":2,"16":2,"17":1},"f":{"0":3,"1":3,"2":3,"3":3,"4":3,"5":1,"6":2,"7":2,"8":2,"9":2},"b":{"0":[3,1],"1":[2,1]}}
,"/Users/yadirbatista/workspace/testNewFunction/src/test/utils.ts": {"path":"/Users/yadirbatista/workspace/testNewFunction/src/test/utils.ts","statementMap":{"0":{"start":{"line":1,"column":0},"end":{"line":1,"column":106}},"1":{"start":{"line":2,"column":0},"end":{"line":2,"column":49}},"2":{"start":{"line":5,"column":13},"end":{"line":8,"column":null}},"3":{"start":{"line":10,"column":13},"end":{"line":13,"column":null}},"4":{"start":{"line":19,"column":4},"end":{"line":28,"column":7}},"5":{"start":{"line":15,"column":0},"end":{"line":15,"column":16}}},"fnMap":{"0":{"name":"createMockStream","decl":{"start":{"line":15,"column":16},"end":{"line":15,"column":32}},"loc":{"start":{"line":17,"column":79},"end":{"line":29,"column":1}}}},"branchMap":{"0":{"loc":{"start":{"line":16,"column":4},"end":{"line":16,"column":61}},"type":"default-arg","locations":[{"start":{"line":16,"column":39},"end":{"line":16,"column":61}}]},"1":{"loc":{"start":{"line":17,"column":4},"end":{"line":17,"column":79}},"type":"default-arg","locations":[{"start":{"line":17,"column":51},"end":{"line":17,"column":79}}]}},"s":{"0":2,"1":2,"2":2,"3":2,"4":8,"5":2},"f":{"0":8},"b":{"0":[1],"1":[7]}}
}
