TN:
SF:src/controllers/index.ts
FN:11,index
FN:13,(anonymous_1)
FN:14,(anonymous_2)
FN:15,(anonymous_3)
FN:15,(anonymous_4)
FN:15,(anonymous_5)
FN:16,(anonymous_6)
FN:21,users
FN:23,(anonymous_8)
FN:24,(anonymous_9)
FNF:10
FNH:10
FNDA:3,index
FNDA:3,(anonymous_1)
FNDA:3,(anonymous_2)
FNDA:3,(anonymous_3)
FNDA:3,(anonymous_4)
FNDA:1,(anonymous_5)
FNDA:2,(anonymous_6)
FNDA:2,users
FNDA:2,(anonymous_8)
FNDA:2,(anonymous_9)
DA:3,1
DA:4,1
DA:5,1
DA:6,1
DA:7,1
DA:8,1
DA:11,1
DA:12,3
DA:13,3
DA:14,3
DA:15,3
DA:16,2
DA:21,1
DA:22,2
DA:23,2
DA:24,2
LF:16
LH:16
BRDA:14,0,0,3
BRDA:14,0,1,1
BRDA:23,1,0,2
BRDA:23,1,1,1
BRF:4
BRH:4
end_of_record
TN:
SF:src/test/utils.ts
FN:15,createMockStream
FNF:1
FNH:1
FNDA:8,createMockStream
DA:1,2
DA:2,2
DA:5,2
DA:10,2
DA:15,2
DA:19,8
LF:6
LH:6
BRDA:16,0,0,1
BRDA:17,1,0,7
BRF:2
BRH:2
end_of_record
